<?xml version="1.0" encoding="UTF-8"?>
<!-- Generated by org.testng.reporters.JUnitReportReporter -->
<testsuite skipped="0" hostname="instance-1" name="ravindermaven.AppiumTest" tests="1" failures="0" timestamp="2020-06-30T09:58:22 GMT" time="0.001" errors="0">
  <testcase name="AppiumTestCaseTest" time="0.001" classname="ravindermaven.AppiumTest"/>
  <system-out/>
</testsuite> <!-- ravindermaven.AppiumTest -->
