<?xml version="1.0" encoding="UTF-8"?>
<!-- Generated by org.testng.reporters.JUnitReportReporter -->
<testsuite skipped="0" hostname="instance-1" name="ravindermaven.SeleniumTest" tests="2" failures="0" timestamp="2020-06-30T09:59:00 GMT" time="0.011" errors="0">
  <testcase name="SeleniumTestCaseChrome" time="0.011" classname="ravindermaven.SeleniumTest"/>
  <system-out/>
  <testcase name="SeleniumTestCaseFirefox" time="0.000" classname="ravindermaven.SeleniumTest"/>
  <system-out/>
</testsuite> <!-- ravindermaven.SeleniumTest -->
